Traceback (most recent call last):
  File "/home/sentmjul/smartel/passenger_wsgi.py", line 16, in <module>
    wsgi = load_source('wsgi', 'smartel/smartel/wsgi.py')
  File "/home/sentmjul/smartel/passenger_wsgi.py", line 13, in load_source
    loader.exec_module(module)
    ~~~~~~~~~~~~~~~~~~^^^^^^^^
  File "<frozen importlib._bootstrap_external>", line 1026, in exec_module
  File "<frozen importlib._bootstrap>", line 488, in _call_with_frames_removed
  File "smartel/smartel/wsgi.py", line 16, in <module>
    application = get_wsgi_application()
  File "/home/sentmjul/virtualenv/smartel/3.13/lib/python3.13/site-packages/django/core/wsgi.py", line 12, in get_wsgi_application
    django.setup(set_prefix=False)
    ~~~~~~~~~~~~^^^^^^^^^^^^^^^^^^
  File "/home/sentmjul/virtualenv/smartel/3.13/lib/python3.13/site-packages/django/__init__.py", line 19, in setup
    configure_logging(settings.LOGGING_CONFIG, settings.LOGGING)
                      ^^^^^^^^^^^^^^^^^^^^^^^
  File "/home/sentmjul/virtualenv/smartel/3.13/lib/python3.13/site-packages/django/conf/__init__.py", line 81, in __getattr__
    self._setup(name)
    ~~~~~~~~~~~^^^^^^
  File "/home/sentmjul/virtualenv/smartel/3.13/lib/python3.13/site-packages/django/conf/__init__.py", line 68, in _setup
    self._wrapped = Settings(settings_module)
                    ~~~~~~~~^^^^^^^^^^^^^^^^^
  File "/home/sentmjul/virtualenv/smartel/3.13/lib/python3.13/site-packages/django/conf/__init__.py", line 166, in __init__
    mod = importlib.import_module(self.SETTINGS_MODULE)
  File "/opt/alt/python313/lib64/python3.13/importlib/__init__.py", line 88, in import_module
    return _bootstrap._gcd_import(name[level:], package, level)
           ~~~~~~~~~~~~~~~~~~~~~~^^^^^^^^^^^^^^^^^^^^^^^^^^^^^^
  File "<frozen importlib._bootstrap>", line 1387, in _gcd_import
  File "<frozen importlib._bootstrap>", line 1360, in _find_and_load
  File "<frozen importlib._bootstrap>", line 1324, in _find_and_load_unlocked
ModuleNotFoundError: No module named 'smartel.settings'
Traceback (most recent call last):
  File "/home/sentmjul/smartel/passenger_wsgi.py", line 16, in <module>
    wsgi = load_source('wsgi', 'smartel/smartel/wsgi.py')
  File "/home/sentmjul/smartel/passenger_wsgi.py", line 13, in load_source
    loader.exec_module(module)
    ~~~~~~~~~~~~~~~~~~^^^^^^^^
  File "<frozen importlib._bootstrap_external>", line 1026, in exec_module
  File "<frozen importlib._bootstrap>", line 488, in _call_with_frames_removed
  File "smartel/smartel/wsgi.py", line 16, in <module>
    application = get_wsgi_application()
  File "/home/sentmjul/virtualenv/smartel/3.13/lib/python3.13/site-packages/django/core/wsgi.py", line 12, in get_wsgi_application
    django.setup(set_prefix=False)
    ~~~~~~~~~~~~^^^^^^^^^^^^^^^^^^
  File "/home/sentmjul/virtualenv/smartel/3.13/lib/python3.13/site-packages/django/__init__.py", line 19, in setup
    configure_logging(settings.LOGGING_CONFIG, settings.LOGGING)
                      ^^^^^^^^^^^^^^^^^^^^^^^
  File "/home/sentmjul/virtualenv/smartel/3.13/lib/python3.13/site-packages/django/conf/__init__.py", line 81, in __getattr__
    self._setup(name)
    ~~~~~~~~~~~^^^^^^
  File "/home/sentmjul/virtualenv/smartel/3.13/lib/python3.13/site-packages/django/conf/__init__.py", line 68, in _setup
    self._wrapped = Settings(settings_module)
                    ~~~~~~~~^^^^^^^^^^^^^^^^^
  File "/home/sentmjul/virtualenv/smartel/3.13/lib/python3.13/site-packages/django/conf/__init__.py", line 166, in __init__
    mod = importlib.import_module(self.SETTINGS_MODULE)
  File "/opt/alt/python313/lib64/python3.13/importlib/__init__.py", line 88, in import_module
    return _bootstrap._gcd_import(name[level:], package, level)
           ~~~~~~~~~~~~~~~~~~~~~~^^^^^^^^^^^^^^^^^^^^^^^^^^^^^^
  File "<frozen importlib._bootstrap>", line 1387, in _gcd_import
  File "<frozen importlib._bootstrap>", line 1360, in _find_and_load
  File "<frozen importlib._bootstrap>", line 1324, in _find_and_load_unlocked
ModuleNotFoundError: No module named 'smartel.settings'
Traceback (most recent call last):
  File "/home/sentmjul/smartel/passenger_wsgi.py", line 16, in <module>
    wsgi = load_source('wsgi', 'smartel/smartel/wsgi.py')
  File "/home/sentmjul/smartel/passenger_wsgi.py", line 13, in load_source
    loader.exec_module(module)
    ~~~~~~~~~~~~~~~~~~^^^^^^^^
  File "<frozen importlib._bootstrap_external>", line 1026, in exec_module
  File "<frozen importlib._bootstrap>", line 488, in _call_with_frames_removed
  File "smartel/smartel/wsgi.py", line 16, in <module>
    application = get_wsgi_application()
  File "/home/sentmjul/virtualenv/smartel/3.13/lib/python3.13/site-packages/django/core/wsgi.py", line 12, in get_wsgi_application
    django.setup(set_prefix=False)
    ~~~~~~~~~~~~^^^^^^^^^^^^^^^^^^
  File "/home/sentmjul/virtualenv/smartel/3.13/lib/python3.13/site-packages/django/__init__.py", line 19, in setup
    configure_logging(settings.LOGGING_CONFIG, settings.LOGGING)
                      ^^^^^^^^^^^^^^^^^^^^^^^
  File "/home/sentmjul/virtualenv/smartel/3.13/lib/python3.13/site-packages/django/conf/__init__.py", line 81, in __getattr__
    self._setup(name)
    ~~~~~~~~~~~^^^^^^
  File "/home/sentmjul/virtualenv/smartel/3.13/lib/python3.13/site-packages/django/conf/__init__.py", line 68, in _setup
    self._wrapped = Settings(settings_module)
                    ~~~~~~~~^^^^^^^^^^^^^^^^^
  File "/home/sentmjul/virtualenv/smartel/3.13/lib/python3.13/site-packages/django/conf/__init__.py", line 166, in __init__
    mod = importlib.import_module(self.SETTINGS_MODULE)
  File "/opt/alt/python313/lib64/python3.13/importlib/__init__.py", line 88, in import_module
    return _bootstrap._gcd_import(name[level:], package, level)
           ~~~~~~~~~~~~~~~~~~~~~~^^^^^^^^^^^^^^^^^^^^^^^^^^^^^^
  File "<frozen importlib._bootstrap>", line 1387, in _gcd_import
  File "<frozen importlib._bootstrap>", line 1360, in _find_and_load
  File "<frozen importlib._bootstrap>", line 1324, in _find_and_load_unlocked
ModuleNotFoundError: No module named 'smartel.settings'
Traceback (most recent call last):
  File "/home/sentmjul/smartel/passenger_wsgi.py", line 16, in <module>
    wsgi = load_source('wsgi', 'smartel/smartel/wsgi.py')
  File "/home/sentmjul/smartel/passenger_wsgi.py", line 13, in load_source
    loader.exec_module(module)
    ~~~~~~~~~~~~~~~~~~^^^^^^^^
  File "<frozen importlib._bootstrap_external>", line 1026, in exec_module
  File "<frozen importlib._bootstrap>", line 488, in _call_with_frames_removed
  File "smartel/smartel/wsgi.py", line 16, in <module>
    application = get_wsgi_application()
  File "/home/sentmjul/virtualenv/smartel/3.13/lib/python3.13/site-packages/django/core/wsgi.py", line 12, in get_wsgi_application
    django.setup(set_prefix=False)
    ~~~~~~~~~~~~^^^^^^^^^^^^^^^^^^
  File "/home/sentmjul/virtualenv/smartel/3.13/lib/python3.13/site-packages/django/__init__.py", line 19, in setup
    configure_logging(settings.LOGGING_CONFIG, settings.LOGGING)
                      ^^^^^^^^^^^^^^^^^^^^^^^
  File "/home/sentmjul/virtualenv/smartel/3.13/lib/python3.13/site-packages/django/conf/__init__.py", line 81, in __getattr__
    self._setup(name)
    ~~~~~~~~~~~^^^^^^
  File "/home/sentmjul/virtualenv/smartel/3.13/lib/python3.13/site-packages/django/conf/__init__.py", line 68, in _setup
    self._wrapped = Settings(settings_module)
                    ~~~~~~~~^^^^^^^^^^^^^^^^^
  File "/home/sentmjul/virtualenv/smartel/3.13/lib/python3.13/site-packages/django/conf/__init__.py", line 166, in __init__
    mod = importlib.import_module(self.SETTINGS_MODULE)
  File "/opt/alt/python313/lib64/python3.13/importlib/__init__.py", line 88, in import_module
    return _bootstrap._gcd_import(name[level:], package, level)
           ~~~~~~~~~~~~~~~~~~~~~~^^^^^^^^^^^^^^^^^^^^^^^^^^^^^^
  File "<frozen importlib._bootstrap>", line 1387, in _gcd_import
  File "<frozen importlib._bootstrap>", line 1360, in _find_and_load
  File "<frozen importlib._bootstrap>", line 1324, in _find_and_load_unlocked
ModuleNotFoundError: No module named 'smartel.settings'
Traceback (most recent call last):
  File "/home/sentmjul/smartel/passenger_wsgi.py", line 16, in <module>
    wsgi = load_source('wsgi', 'smartel/smartel/wsgi.py')
  File "/home/sentmjul/smartel/passenger_wsgi.py", line 13, in load_source
    loader.exec_module(module)
    ~~~~~~~~~~~~~~~~~~^^^^^^^^
  File "<frozen importlib._bootstrap_external>", line 1026, in exec_module
  File "<frozen importlib._bootstrap>", line 488, in _call_with_frames_removed
  File "smartel/smartel/wsgi.py", line 16, in <module>
    application = get_wsgi_application()
  File "/home/sentmjul/virtualenv/smartel/3.13/lib/python3.13/site-packages/django/core/wsgi.py", line 12, in get_wsgi_application
    django.setup(set_prefix=False)
    ~~~~~~~~~~~~^^^^^^^^^^^^^^^^^^
  File "/home/sentmjul/virtualenv/smartel/3.13/lib/python3.13/site-packages/django/__init__.py", line 19, in setup
    configure_logging(settings.LOGGING_CONFIG, settings.LOGGING)
                      ^^^^^^^^^^^^^^^^^^^^^^^
  File "/home/sentmjul/virtualenv/smartel/3.13/lib/python3.13/site-packages/django/conf/__init__.py", line 81, in __getattr__
    self._setup(name)
    ~~~~~~~~~~~^^^^^^
  File "/home/sentmjul/virtualenv/smartel/3.13/lib/python3.13/site-packages/django/conf/__init__.py", line 68, in _setup
    self._wrapped = Settings(settings_module)
                    ~~~~~~~~^^^^^^^^^^^^^^^^^
  File "/home/sentmjul/virtualenv/smartel/3.13/lib/python3.13/site-packages/django/conf/__init__.py", line 166, in __init__
    mod = importlib.import_module(self.SETTINGS_MODULE)
  File "/opt/alt/python313/lib64/python3.13/importlib/__init__.py", line 88, in import_module
    return _bootstrap._gcd_import(name[level:], package, level)
           ~~~~~~~~~~~~~~~~~~~~~~^^^^^^^^^^^^^^^^^^^^^^^^^^^^^^
  File "<frozen importlib._bootstrap>", line 1387, in _gcd_import
  File "<frozen importlib._bootstrap>", line 1360, in _find_and_load
  File "<frozen importlib._bootstrap>", line 1324, in _find_and_load_unlocked
ModuleNotFoundError: No module named 'smartel.settings'
Traceback (most recent call last):
  File "/home/sentmjul/smartel/passenger_wsgi.py", line 16, in <module>
    wsgi = load_source('wsgi', 'smartel/smartel/wsgi.py')
  File "/home/sentmjul/smartel/passenger_wsgi.py", line 13, in load_source
    loader.exec_module(module)
    ~~~~~~~~~~~~~~~~~~^^^^^^^^
  File "<frozen importlib._bootstrap_external>", line 1026, in exec_module
  File "<frozen importlib._bootstrap>", line 488, in _call_with_frames_removed
  File "smartel/smartel/wsgi.py", line 16, in <module>
    application = get_wsgi_application()
  File "/home/sentmjul/virtualenv/smartel/3.13/lib/python3.13/site-packages/django/core/wsgi.py", line 12, in get_wsgi_application
    django.setup(set_prefix=False)
    ~~~~~~~~~~~~^^^^^^^^^^^^^^^^^^
  File "/home/sentmjul/virtualenv/smartel/3.13/lib/python3.13/site-packages/django/__init__.py", line 19, in setup
    configure_logging(settings.LOGGING_CONFIG, settings.LOGGING)
                      ^^^^^^^^^^^^^^^^^^^^^^^
  File "/home/sentmjul/virtualenv/smartel/3.13/lib/python3.13/site-packages/django/conf/__init__.py", line 81, in __getattr__
    self._setup(name)
    ~~~~~~~~~~~^^^^^^
  File "/home/sentmjul/virtualenv/smartel/3.13/lib/python3.13/site-packages/django/conf/__init__.py", line 68, in _setup
    self._wrapped = Settings(settings_module)
                    ~~~~~~~~^^^^^^^^^^^^^^^^^
  File "/home/sentmjul/virtualenv/smartel/3.13/lib/python3.13/site-packages/django/conf/__init__.py", line 166, in __init__
    mod = importlib.import_module(self.SETTINGS_MODULE)
  File "/opt/alt/python313/lib64/python3.13/importlib/__init__.py", line 88, in import_module
    return _bootstrap._gcd_import(name[level:], package, level)
           ~~~~~~~~~~~~~~~~~~~~~~^^^^^^^^^^^^^^^^^^^^^^^^^^^^^^
  File "<frozen importlib._bootstrap>", line 1387, in _gcd_import
  File "<frozen importlib._bootstrap>", line 1360, in _find_and_load
  File "<frozen importlib._bootstrap>", line 1324, in _find_and_load_unlocked
ModuleNotFoundError: No module named 'smartel.settings'
Traceback (most recent call last):
  File "/home/sentmjul/smartel/passenger_wsgi.py", line 16, in <module>
    wsgi = load_source('wsgi', 'smartel/smartel/wsgi.py')
  File "/home/sentmjul/smartel/passenger_wsgi.py", line 13, in load_source
    loader.exec_module(module)
    ~~~~~~~~~~~~~~~~~~^^^^^^^^
  File "<frozen importlib._bootstrap_external>", line 1026, in exec_module
  File "<frozen importlib._bootstrap>", line 488, in _call_with_frames_removed
  File "smartel/smartel/wsgi.py", line 16, in <module>
    application = get_wsgi_application()
  File "/home/sentmjul/virtualenv/smartel/3.13/lib/python3.13/site-packages/django/core/wsgi.py", line 12, in get_wsgi_application
    django.setup(set_prefix=False)
    ~~~~~~~~~~~~^^^^^^^^^^^^^^^^^^
  File "/home/sentmjul/virtualenv/smartel/3.13/lib/python3.13/site-packages/django/__init__.py", line 19, in setup
    configure_logging(settings.LOGGING_CONFIG, settings.LOGGING)
                      ^^^^^^^^^^^^^^^^^^^^^^^
  File "/home/sentmjul/virtualenv/smartel/3.13/lib/python3.13/site-packages/django/conf/__init__.py", line 81, in __getattr__
    self._setup(name)
    ~~~~~~~~~~~^^^^^^
  File "/home/sentmjul/virtualenv/smartel/3.13/lib/python3.13/site-packages/django/conf/__init__.py", line 68, in _setup
    self._wrapped = Settings(settings_module)
                    ~~~~~~~~^^^^^^^^^^^^^^^^^
  File "/home/sentmjul/virtualenv/smartel/3.13/lib/python3.13/site-packages/django/conf/__init__.py", line 166, in __init__
    mod = importlib.import_module(self.SETTINGS_MODULE)
  File "/opt/alt/python313/lib64/python3.13/importlib/__init__.py", line 88, in import_module
    return _bootstrap._gcd_import(name[level:], package, level)
           ~~~~~~~~~~~~~~~~~~~~~~^^^^^^^^^^^^^^^^^^^^^^^^^^^^^^
  File "<frozen importlib._bootstrap>", line 1387, in _gcd_import
  File "<frozen importlib._bootstrap>", line 1360, in _find_and_load
  File "<frozen importlib._bootstrap>", line 1324, in _find_and_load_unlocked
ModuleNotFoundError: No module named 'smartel.settings'
Traceback (most recent call last):
  File "/home/sentmjul/smartel/passenger_wsgi.py", line 16, in <module>
    wsgi = load_source('wsgi', 'smartel/smartel/wsgi.py')
  File "/home/sentmjul/smartel/passenger_wsgi.py", line 13, in load_source
    loader.exec_module(module)
    ~~~~~~~~~~~~~~~~~~^^^^^^^^
  File "<frozen importlib._bootstrap_external>", line 1026, in exec_module
  File "<frozen importlib._bootstrap>", line 488, in _call_with_frames_removed
  File "smartel/smartel/wsgi.py", line 16, in <module>
    application = get_wsgi_application()
  File "/home/sentmjul/virtualenv/smartel/3.13/lib/python3.13/site-packages/django/core/wsgi.py", line 12, in get_wsgi_application
    django.setup(set_prefix=False)
    ~~~~~~~~~~~~^^^^^^^^^^^^^^^^^^
  File "/home/sentmjul/virtualenv/smartel/3.13/lib/python3.13/site-packages/django/__init__.py", line 19, in setup
    configure_logging(settings.LOGGING_CONFIG, settings.LOGGING)
                      ^^^^^^^^^^^^^^^^^^^^^^^
  File "/home/sentmjul/virtualenv/smartel/3.13/lib/python3.13/site-packages/django/conf/__init__.py", line 81, in __getattr__
    self._setup(name)
    ~~~~~~~~~~~^^^^^^
  File "/home/sentmjul/virtualenv/smartel/3.13/lib/python3.13/site-packages/django/conf/__init__.py", line 68, in _setup
    self._wrapped = Settings(settings_module)
                    ~~~~~~~~^^^^^^^^^^^^^^^^^
  File "/home/sentmjul/virtualenv/smartel/3.13/lib/python3.13/site-packages/django/conf/__init__.py", line 166, in __init__
    mod = importlib.import_module(self.SETTINGS_MODULE)
  File "/opt/alt/python313/lib64/python3.13/importlib/__init__.py", line 88, in import_module
    return _bootstrap._gcd_import(name[level:], package, level)
           ~~~~~~~~~~~~~~~~~~~~~~^^^^^^^^^^^^^^^^^^^^^^^^^^^^^^
  File "<frozen importlib._bootstrap>", line 1387, in _gcd_import
  File "<frozen importlib._bootstrap>", line 1360, in _find_and_load
  File "<frozen importlib._bootstrap>", line 1324, in _find_and_load_unlocked
ModuleNotFoundError: No module named 'smartel.settings'
Traceback (most recent call last):
  File "/home/sentmjul/smartel/passenger_wsgi.py", line 16, in <module>
    wsgi = load_source('wsgi', 'smartel/smartel/wsgi.py')
  File "/home/sentmjul/smartel/passenger_wsgi.py", line 13, in load_source
    loader.exec_module(module)
    ~~~~~~~~~~~~~~~~~~^^^^^^^^
  File "<frozen importlib._bootstrap_external>", line 1026, in exec_module
  File "<frozen importlib._bootstrap>", line 488, in _call_with_frames_removed
  File "smartel/smartel/wsgi.py", line 16, in <module>
    application = get_wsgi_application()
  File "/home/sentmjul/virtualenv/smartel/3.13/lib/python3.13/site-packages/django/core/wsgi.py", line 12, in get_wsgi_application
    django.setup(set_prefix=False)
    ~~~~~~~~~~~~^^^^^^^^^^^^^^^^^^
  File "/home/sentmjul/virtualenv/smartel/3.13/lib/python3.13/site-packages/django/__init__.py", line 24, in setup
    apps.populate(settings.INSTALLED_APPS)
    ~~~~~~~~~~~~~^^^^^^^^^^^^^^^^^^^^^^^^^
  File "/home/sentmjul/virtualenv/smartel/3.13/lib/python3.13/site-packages/django/apps/registry.py", line 91, in populate
    app_config = AppConfig.create(entry)
  File "/home/sentmjul/virtualenv/smartel/3.13/lib/python3.13/site-packages/django/apps/config.py", line 193, in create
    import_module(entry)
    ~~~~~~~~~~~~~^^^^^^^
  File "/opt/alt/python313/lib64/python3.13/importlib/__init__.py", line 88, in import_module
    return _bootstrap._gcd_import(name[level:], package, level)
           ~~~~~~~~~~~~~~~~~~~~~~^^^^^^^^^^^^^^^^^^^^^^^^^^^^^^
  File "<frozen importlib._bootstrap>", line 1387, in _gcd_import
  File "<frozen importlib._bootstrap>", line 1360, in _find_and_load
  File "<frozen importlib._bootstrap>", line 1324, in _find_and_load_unlocked
ModuleNotFoundError: No module named 'website'
Traceback (most recent call last):
  File "/home/sentmjul/smartel/passenger_wsgi.py", line 16, in <module>
    wsgi = load_source('wsgi', 'smartel/smartel/wsgi.py')
  File "/home/sentmjul/smartel/passenger_wsgi.py", line 13, in load_source
    loader.exec_module(module)
    ~~~~~~~~~~~~~~~~~~^^^^^^^^
  File "<frozen importlib._bootstrap_external>", line 1026, in exec_module
  File "<frozen importlib._bootstrap>", line 488, in _call_with_frames_removed
  File "smartel/smartel/wsgi.py", line 16, in <module>
    application = get_wsgi_application()
  File "/home/sentmjul/virtualenv/smartel/3.13/lib/python3.13/site-packages/django/core/wsgi.py", line 12, in get_wsgi_application
    django.setup(set_prefix=False)
    ~~~~~~~~~~~~^^^^^^^^^^^^^^^^^^
  File "/home/sentmjul/virtualenv/smartel/3.13/lib/python3.13/site-packages/django/__init__.py", line 24, in setup
    apps.populate(settings.INSTALLED_APPS)
    ~~~~~~~~~~~~~^^^^^^^^^^^^^^^^^^^^^^^^^
  File "/home/sentmjul/virtualenv/smartel/3.13/lib/python3.13/site-packages/django/apps/registry.py", line 83, in populate
    raise RuntimeError("populate() isn't reentrant")
RuntimeError: populate() isn't reentrant
Traceback (most recent call last):
  File "/home/sentmjul/smartel/passenger_wsgi.py", line 16, in <module>
    wsgi = load_source('wsgi', 'smartel/smartel/wsgi.py')
  File "/home/sentmjul/smartel/passenger_wsgi.py", line 13, in load_source
    loader.exec_module(module)
    ~~~~~~~~~~~~~~~~~~^^^^^^^^
  File "<frozen importlib._bootstrap_external>", line 1026, in exec_module
  File "<frozen importlib._bootstrap>", line 488, in _call_with_frames_removed
  File "smartel/smartel/wsgi.py", line 16, in <module>
    application = get_wsgi_application()
  File "/home/sentmjul/virtualenv/smartel/3.13/lib/python3.13/site-packages/django/core/wsgi.py", line 12, in get_wsgi_application
    django.setup(set_prefix=False)
    ~~~~~~~~~~~~^^^^^^^^^^^^^^^^^^
  File "/home/sentmjul/virtualenv/smartel/3.13/lib/python3.13/site-packages/django/__init__.py", line 24, in setup
    apps.populate(settings.INSTALLED_APPS)
    ~~~~~~~~~~~~~^^^^^^^^^^^^^^^^^^^^^^^^^
  File "/home/sentmjul/virtualenv/smartel/3.13/lib/python3.13/site-packages/django/apps/registry.py", line 91, in populate
    app_config = AppConfig.create(entry)
  File "/home/sentmjul/virtualenv/smartel/3.13/lib/python3.13/site-packages/django/apps/config.py", line 193, in create
    import_module(entry)
    ~~~~~~~~~~~~~^^^^^^^
  File "/opt/alt/python313/lib64/python3.13/importlib/__init__.py", line 88, in import_module
    return _bootstrap._gcd_import(name[level:], package, level)
           ~~~~~~~~~~~~~~~~~~~~~~^^^^^^^^^^^^^^^^^^^^^^^^^^^^^^
  File "<frozen importlib._bootstrap>", line 1387, in _gcd_import
  File "<frozen importlib._bootstrap>", line 1360, in _find_and_load
  File "<frozen importlib._bootstrap>", line 1324, in _find_and_load_unlocked
ModuleNotFoundError: No module named 'website'
Traceback (most recent call last):
  File "/home/sentmjul/smartel/passenger_wsgi.py", line 16, in <module>
    wsgi = load_source('wsgi', 'smartel/smartel/wsgi.py')
  File "/home/sentmjul/smartel/passenger_wsgi.py", line 13, in load_source
    loader.exec_module(module)
    ~~~~~~~~~~~~~~~~~~^^^^^^^^
  File "<frozen importlib._bootstrap_external>", line 1026, in exec_module
  File "<frozen importlib._bootstrap>", line 488, in _call_with_frames_removed
  File "smartel/smartel/wsgi.py", line 16, in <module>
    application = get_wsgi_application()
  File "/home/sentmjul/virtualenv/smartel/3.13/lib/python3.13/site-packages/django/core/wsgi.py", line 12, in get_wsgi_application
    django.setup(set_prefix=False)
    ~~~~~~~~~~~~^^^^^^^^^^^^^^^^^^
  File "/home/sentmjul/virtualenv/smartel/3.13/lib/python3.13/site-packages/django/__init__.py", line 24, in setup
    apps.populate(settings.INSTALLED_APPS)
    ~~~~~~~~~~~~~^^^^^^^^^^^^^^^^^^^^^^^^^
  File "/home/sentmjul/virtualenv/smartel/3.13/lib/python3.13/site-packages/django/apps/registry.py", line 83, in populate
    raise RuntimeError("populate() isn't reentrant")
RuntimeError: populate() isn't reentrant
Traceback (most recent call last):
  File "/home/sentmjul/smartel/passenger_wsgi.py", line 16, in <module>
    wsgi = load_source('wsgi', 'smartel/smartel/wsgi.py')
  File "/home/sentmjul/smartel/passenger_wsgi.py", line 13, in load_source
    loader.exec_module(module)
    ~~~~~~~~~~~~~~~~~~^^^^^^^^
  File "<frozen importlib._bootstrap_external>", line 1026, in exec_module
  File "<frozen importlib._bootstrap>", line 488, in _call_with_frames_removed
  File "smartel/smartel/wsgi.py", line 16, in <module>
    application = get_wsgi_application()
  File "/home/sentmjul/virtualenv/smartel/3.13/lib/python3.13/site-packages/django/core/wsgi.py", line 12, in get_wsgi_application
    django.setup(set_prefix=False)
    ~~~~~~~~~~~~^^^^^^^^^^^^^^^^^^
  File "/home/sentmjul/virtualenv/smartel/3.13/lib/python3.13/site-packages/django/__init__.py", line 24, in setup
    apps.populate(settings.INSTALLED_APPS)
    ~~~~~~~~~~~~~^^^^^^^^^^^^^^^^^^^^^^^^^
  File "/home/sentmjul/virtualenv/smartel/3.13/lib/python3.13/site-packages/django/apps/registry.py", line 83, in populate
    raise RuntimeError("populate() isn't reentrant")
RuntimeError: populate() isn't reentrant
Traceback (most recent call last):
  File "/home/sentmjul/smartel/passenger_wsgi.py", line 16, in <module>
    wsgi = load_source('wsgi', 'smartel/smartel/wsgi.py')
  File "/home/sentmjul/smartel/passenger_wsgi.py", line 13, in load_source
    loader.exec_module(module)
    ~~~~~~~~~~~~~~~~~~^^^^^^^^
  File "<frozen importlib._bootstrap_external>", line 1022, in exec_module
  File "<frozen importlib._bootstrap_external>", line 1159, in get_code
  File "<frozen importlib._bootstrap_external>", line 1217, in get_data
FileNotFoundError: [Errno 2] No such file or directory: 'smartel/smartel/wsgi.py'
Traceback (most recent call last):
  File "/home/sentmjul/smartel/passenger_wsgi.py", line 16, in <module>
    wsgi = load_source('wsgi', 'smartel/smartel/wsgi.py')
  File "/home/sentmjul/smartel/passenger_wsgi.py", line 13, in load_source
    loader.exec_module(module)
    ~~~~~~~~~~~~~~~~~~^^^^^^^^
  File "<frozen importlib._bootstrap_external>", line 1022, in exec_module
  File "<frozen importlib._bootstrap_external>", line 1159, in get_code
  File "<frozen importlib._bootstrap_external>", line 1217, in get_data
FileNotFoundError: [Errno 2] No such file or directory: 'smartel/smartel/wsgi.py'
Traceback (most recent call last):
  File "/home/sentmjul/smartel/passenger_wsgi.py", line 16, in <module>
    wsgi = load_source('wsgi', 'smartel/smartel/wsgi.py')
  File "/home/sentmjul/smartel/passenger_wsgi.py", line 13, in load_source
    loader.exec_module(module)
    ~~~~~~~~~~~~~~~~~~^^^^^^^^
  File "<frozen importlib._bootstrap_external>", line 1022, in exec_module
  File "<frozen importlib._bootstrap_external>", line 1159, in get_code
  File "<frozen importlib._bootstrap_external>", line 1217, in get_data
FileNotFoundError: [Errno 2] No such file or directory: 'smartel/smartel/wsgi.py'
Traceback (most recent call last):
  File "/home/sentmjul/smartel/passenger_wsgi.py", line 16, in <module>
    wsgi = load_source('wsgi', 'smartel/smartel/wsgi.py')
  File "/home/sentmjul/smartel/passenger_wsgi.py", line 13, in load_source
    loader.exec_module(module)
    ~~~~~~~~~~~~~~~~~~^^^^^^^^
  File "<frozen importlib._bootstrap_external>", line 1022, in exec_module
  File "<frozen importlib._bootstrap_external>", line 1159, in get_code
  File "<frozen importlib._bootstrap_external>", line 1217, in get_data
FileNotFoundError: [Errno 2] No such file or directory: 'smartel/smartel/wsgi.py'
Traceback (most recent call last):
  File "/home/sentmjul/smartel/passenger_wsgi.py", line 16, in <module>
    wsgi = load_source('wsgi', 'smartel/smartel/wsgi.py')
  File "/home/sentmjul/smartel/passenger_wsgi.py", line 13, in load_source
    loader.exec_module(module)
    ~~~~~~~~~~~~~~~~~~^^^^^^^^
  File "<frozen importlib._bootstrap_external>", line 1022, in exec_module
  File "<frozen importlib._bootstrap_external>", line 1159, in get_code
  File "<frozen importlib._bootstrap_external>", line 1217, in get_data
FileNotFoundError: [Errno 2] No such file or directory: 'smartel/smartel/wsgi.py'
Traceback (most recent call last):
  File "/home/sentmjul/smartel/passenger_wsgi.py", line 16, in <module>
    wsgi = load_source('wsgi', 'smartel/smartel/wsgi.py')
  File "/home/sentmjul/smartel/passenger_wsgi.py", line 13, in load_source
    loader.exec_module(module)
    ~~~~~~~~~~~~~~~~~~^^^^^^^^
  File "<frozen importlib._bootstrap_external>", line 1022, in exec_module
  File "<frozen importlib._bootstrap_external>", line 1159, in get_code
  File "<frozen importlib._bootstrap_external>", line 1217, in get_data
FileNotFoundError: [Errno 2] No such file or directory: 'smartel/smartel/wsgi.py'
Not Found: /static/website/image/about/about-us-img-2.png
Not Found: /static/website/image/blog/blog-image-3.png
